{
  "RSpec": {
    "coverage": {
      "/home/egor/oop/lab12/OPO/lib/lab2/calculation.rb": {
        "lines": [
          null,
          null,
          null,
          1,
          1,
          4,
          null,
          null,
          1,
          1,
          null,
          null,
          1,
          1,
          null,
          null,
          1,
          14,
          null,
          null,
          1,
          1,
          8,
          1,
          null,
          null
        ]
      },
      "/home/egor/oop/lab12/OPO/lib/lab1/convert.rb": {
        "lines": [
          null,
          null,
          null,
          1,
          1,
          5,
          null,
          4,
          null,
          1,
          null,
          2,
          null,
          1,
          null,
          null,
          4,
          null,
          null,
          1,
          1,
          null,
          0,
          null,
          1,
          null,
          null,
          1,
          null,
          null,
          1,
          2,
          null,
          1,
          null,
          1,
          null,
          null,
          2,
          null,
          null,
          1,
          1,
          null,
          1,
          null,
          0,
          null,
          1,
          null,
          null
        ]
      }
    },
    "timestamp": 1610947915
  }
}
